Determining if the function sgemm_ exists failed with the following output:
Change Dir: /Users/lucas/OneDrive - Harvard University/school/Senior/Spring/CS91r/openMVG_Build/CMakeFiles/CMakeTmp

Run Build Command(s):/usr/bin/make cmTC_43d1b/fast && /Library/Developer/CommandLineTools/usr/bin/make -f CMakeFiles/cmTC_43d1b.dir/build.make CMakeFiles/cmTC_43d1b.dir/build
Building C object CMakeFiles/cmTC_43d1b.dir/CheckFunctionExists.c.o
/Library/Developer/CommandLineTools/usr/bin/cc   -march=haswell -msse2 -msse3 -mssse3 -msse4.1 -msse4.2 -mavx -mfma -mbmi2 -mavx2 -mno-sse4a -mno-xop -mno-fma4 -mno-avx512f -mno-avx512vl -mno-avx512pf -mno-avx512er -mno-avx512cd -mno-avx512dq -mno-avx512bw -mno-avx512ifma -mno-avx512vbmi -DCHECK_FUNCTION_EXISTS=sgemm_ -isysroot /Library/Developer/CommandLineTools/SDKs/MacOSX10.15.sdk   -o CMakeFiles/cmTC_43d1b.dir/CheckFunctionExists.c.o   -c /usr/local/Cellar/cmake/3.16.4/share/cmake/Modules/CheckFunctionExists.c
Linking C executable cmTC_43d1b
/usr/local/Cellar/cmake/3.16.4/bin/cmake -E cmake_link_script CMakeFiles/cmTC_43d1b.dir/link.txt --verbose=1
/Library/Developer/CommandLineTools/usr/bin/cc  -march=haswell -msse2 -msse3 -mssse3 -msse4.1 -msse4.2 -mavx -mfma -mbmi2 -mavx2 -mno-sse4a -mno-xop -mno-fma4 -mno-avx512f -mno-avx512vl -mno-avx512pf -mno-avx512er -mno-avx512cd -mno-avx512dq -mno-avx512bw -mno-avx512ifma -mno-avx512vbmi -DCHECK_FUNCTION_EXISTS=sgemm_ -isysroot /Library/Developer/CommandLineTools/SDKs/MacOSX10.15.sdk -Wl,-search_paths_first -Wl,-headerpad_max_install_names   CMakeFiles/cmTC_43d1b.dir/CheckFunctionExists.c.o  -o cmTC_43d1b 
Undefined symbols for architecture x86_64:
  "_sgemm_", referenced from:
      _main in CheckFunctionExists.c.o
ld: symbol(s) not found for architecture x86_64
clang: error: linker command failed with exit code 1 (use -v to see invocation)
make[1]: *** [cmTC_43d1b] Error 1
make: *** [cmTC_43d1b/fast] Error 2



Detecting C OpenMP failed with the following output:
Change Dir: /Users/lucas/OneDrive - Harvard University/school/Senior/Spring/CS91r/openMVG_Build/CMakeFiles/CMakeTmp

Run Build Command(s):/usr/bin/make cmTC_018b3/fast && /Library/Developer/CommandLineTools/usr/bin/make -f CMakeFiles/cmTC_018b3.dir/build.make CMakeFiles/cmTC_018b3.dir/build
Building C object CMakeFiles/cmTC_018b3.dir/OpenMPTryFlag.c.o
/Library/Developer/CommandLineTools/usr/bin/cc   -march=haswell -msse2 -msse3 -mssse3 -msse4.1 -msse4.2 -mavx -mfma -mbmi2 -mavx2 -mno-sse4a -mno-xop -mno-fma4 -mno-avx512f -mno-avx512vl -mno-avx512pf -mno-avx512er -mno-avx512cd -mno-avx512dq -mno-avx512bw -mno-avx512ifma -mno-avx512vbmi -fopenmp=libomp -v -isysroot /Library/Developer/CommandLineTools/SDKs/MacOSX10.15.sdk   -o CMakeFiles/cmTC_018b3.dir/OpenMPTryFlag.c.o   -c "/Users/lucas/OneDrive - Harvard University/school/Senior/Spring/CS91r/openMVG_Build/CMakeFiles/FindOpenMP/OpenMPTryFlag.c"
Apple clang version 11.0.0 (clang-1100.0.33.17)
Target: x86_64-apple-darwin19.3.0
Thread model: posix
InstalledDir: /Library/Developer/CommandLineTools/usr/bin
clang: error: unsupported argument 'libomp' to option 'fopenmp='
make[1]: *** [CMakeFiles/cmTC_018b3.dir/OpenMPTryFlag.c.o] Error 1
make: *** [cmTC_018b3/fast] Error 2



Detecting C OpenMP failed with the following output:
Change Dir: /Users/lucas/OneDrive - Harvard University/school/Senior/Spring/CS91r/openMVG_Build/CMakeFiles/CMakeTmp

Run Build Command(s):/usr/bin/make cmTC_b56af/fast && /Library/Developer/CommandLineTools/usr/bin/make -f CMakeFiles/cmTC_b56af.dir/build.make CMakeFiles/cmTC_b56af.dir/build
Building C object CMakeFiles/cmTC_b56af.dir/OpenMPTryFlag.c.o
/Library/Developer/CommandLineTools/usr/bin/cc   -march=haswell -msse2 -msse3 -mssse3 -msse4.1 -msse4.2 -mavx -mfma -mbmi2 -mavx2 -mno-sse4a -mno-xop -mno-fma4 -mno-avx512f -mno-avx512vl -mno-avx512pf -mno-avx512er -mno-avx512cd -mno-avx512dq -mno-avx512bw -mno-avx512ifma -mno-avx512vbmi -fopenmp=libiomp5 -v -isysroot /Library/Developer/CommandLineTools/SDKs/MacOSX10.15.sdk   -o CMakeFiles/cmTC_b56af.dir/OpenMPTryFlag.c.o   -c "/Users/lucas/OneDrive - Harvard University/school/Senior/Spring/CS91r/openMVG_Build/CMakeFiles/FindOpenMP/OpenMPTryFlag.c"
Apple clang version 11.0.0 (clang-1100.0.33.17)
Target: x86_64-apple-darwin19.3.0
Thread model: posix
InstalledDir: /Library/Developer/CommandLineTools/usr/bin
clang: error: unsupported argument 'libiomp5' to option 'fopenmp='
make[1]: *** [CMakeFiles/cmTC_b56af.dir/OpenMPTryFlag.c.o] Error 1
make: *** [cmTC_b56af/fast] Error 2



Detecting C OpenMP failed with the following output:
Change Dir: /Users/lucas/OneDrive - Harvard University/school/Senior/Spring/CS91r/openMVG_Build/CMakeFiles/CMakeTmp

Run Build Command(s):/usr/bin/make cmTC_59be5/fast && /Library/Developer/CommandLineTools/usr/bin/make -f CMakeFiles/cmTC_59be5.dir/build.make CMakeFiles/cmTC_59be5.dir/build
Building C object CMakeFiles/cmTC_59be5.dir/OpenMPTryFlag.c.o
/Library/Developer/CommandLineTools/usr/bin/cc   -march=haswell -msse2 -msse3 -mssse3 -msse4.1 -msse4.2 -mavx -mfma -mbmi2 -mavx2 -mno-sse4a -mno-xop -mno-fma4 -mno-avx512f -mno-avx512vl -mno-avx512pf -mno-avx512er -mno-avx512cd -mno-avx512dq -mno-avx512bw -mno-avx512ifma -mno-avx512vbmi -fopenmp -v -isysroot /Library/Developer/CommandLineTools/SDKs/MacOSX10.15.sdk   -o CMakeFiles/cmTC_59be5.dir/OpenMPTryFlag.c.o   -c "/Users/lucas/OneDrive - Harvard University/school/Senior/Spring/CS91r/openMVG_Build/CMakeFiles/FindOpenMP/OpenMPTryFlag.c"
Apple clang version 11.0.0 (clang-1100.0.33.17)
Target: x86_64-apple-darwin19.3.0
Thread model: posix
InstalledDir: /Library/Developer/CommandLineTools/usr/bin
clang: error: unsupported option '-fopenmp'
make[1]: *** [CMakeFiles/cmTC_59be5.dir/OpenMPTryFlag.c.o] Error 1
make: *** [cmTC_59be5/fast] Error 2



Detecting CXX OpenMP failed with the following output:
Change Dir: /Users/lucas/OneDrive - Harvard University/school/Senior/Spring/CS91r/openMVG_Build/CMakeFiles/CMakeTmp

Run Build Command(s):/usr/bin/make cmTC_d07f3/fast && /Library/Developer/CommandLineTools/usr/bin/make -f CMakeFiles/cmTC_d07f3.dir/build.make CMakeFiles/cmTC_d07f3.dir/build
Building CXX object CMakeFiles/cmTC_d07f3.dir/OpenMPTryFlag.cpp.o
/Library/Developer/CommandLineTools/usr/bin/c++    -march=haswell -msse2 -msse3 -mssse3 -msse4.1 -msse4.2 -mavx -mfma -mbmi2 -mavx2 -mno-sse4a -mno-xop -mno-fma4 -mno-avx512f -mno-avx512vl -mno-avx512pf -mno-avx512er -mno-avx512cd -mno-avx512dq -mno-avx512bw -mno-avx512ifma -mno-avx512vbmi -fopenmp=libomp -v -isysroot /Library/Developer/CommandLineTools/SDKs/MacOSX10.15.sdk   -o CMakeFiles/cmTC_d07f3.dir/OpenMPTryFlag.cpp.o -c "/Users/lucas/OneDrive - Harvard University/school/Senior/Spring/CS91r/openMVG_Build/CMakeFiles/FindOpenMP/OpenMPTryFlag.cpp"
Apple clang version 11.0.0 (clang-1100.0.33.17)
Target: x86_64-apple-darwin19.3.0
Thread model: posix
InstalledDir: /Library/Developer/CommandLineTools/usr/bin
clang: error: unsupported argument 'libomp' to option 'fopenmp='
make[1]: *** [CMakeFiles/cmTC_d07f3.dir/OpenMPTryFlag.cpp.o] Error 1
make: *** [cmTC_d07f3/fast] Error 2



Detecting CXX OpenMP failed with the following output:
Change Dir: /Users/lucas/OneDrive - Harvard University/school/Senior/Spring/CS91r/openMVG_Build/CMakeFiles/CMakeTmp

Run Build Command(s):/usr/bin/make cmTC_d209c/fast && /Library/Developer/CommandLineTools/usr/bin/make -f CMakeFiles/cmTC_d209c.dir/build.make CMakeFiles/cmTC_d209c.dir/build
Building CXX object CMakeFiles/cmTC_d209c.dir/OpenMPTryFlag.cpp.o
/Library/Developer/CommandLineTools/usr/bin/c++    -march=haswell -msse2 -msse3 -mssse3 -msse4.1 -msse4.2 -mavx -mfma -mbmi2 -mavx2 -mno-sse4a -mno-xop -mno-fma4 -mno-avx512f -mno-avx512vl -mno-avx512pf -mno-avx512er -mno-avx512cd -mno-avx512dq -mno-avx512bw -mno-avx512ifma -mno-avx512vbmi -fopenmp=libiomp5 -v -isysroot /Library/Developer/CommandLineTools/SDKs/MacOSX10.15.sdk   -o CMakeFiles/cmTC_d209c.dir/OpenMPTryFlag.cpp.o -c "/Users/lucas/OneDrive - Harvard University/school/Senior/Spring/CS91r/openMVG_Build/CMakeFiles/FindOpenMP/OpenMPTryFlag.cpp"
Apple clang version 11.0.0 (clang-1100.0.33.17)
Target: x86_64-apple-darwin19.3.0
Thread model: posix
InstalledDir: /Library/Developer/CommandLineTools/usr/bin
clang: error: unsupported argument 'libiomp5' to option 'fopenmp='
make[1]: *** [CMakeFiles/cmTC_d209c.dir/OpenMPTryFlag.cpp.o] Error 1
make: *** [cmTC_d209c/fast] Error 2



Detecting CXX OpenMP failed with the following output:
Change Dir: /Users/lucas/OneDrive - Harvard University/school/Senior/Spring/CS91r/openMVG_Build/CMakeFiles/CMakeTmp

Run Build Command(s):/usr/bin/make cmTC_aeffd/fast && /Library/Developer/CommandLineTools/usr/bin/make -f CMakeFiles/cmTC_aeffd.dir/build.make CMakeFiles/cmTC_aeffd.dir/build
Building CXX object CMakeFiles/cmTC_aeffd.dir/OpenMPTryFlag.cpp.o
/Library/Developer/CommandLineTools/usr/bin/c++    -march=haswell -msse2 -msse3 -mssse3 -msse4.1 -msse4.2 -mavx -mfma -mbmi2 -mavx2 -mno-sse4a -mno-xop -mno-fma4 -mno-avx512f -mno-avx512vl -mno-avx512pf -mno-avx512er -mno-avx512cd -mno-avx512dq -mno-avx512bw -mno-avx512ifma -mno-avx512vbmi -fopenmp -v -isysroot /Library/Developer/CommandLineTools/SDKs/MacOSX10.15.sdk   -o CMakeFiles/cmTC_aeffd.dir/OpenMPTryFlag.cpp.o -c "/Users/lucas/OneDrive - Harvard University/school/Senior/Spring/CS91r/openMVG_Build/CMakeFiles/FindOpenMP/OpenMPTryFlag.cpp"
Apple clang version 11.0.0 (clang-1100.0.33.17)
Target: x86_64-apple-darwin19.3.0
Thread model: posix
InstalledDir: /Library/Developer/CommandLineTools/usr/bin
clang: error: unsupported option '-fopenmp'
make[1]: *** [CMakeFiles/cmTC_aeffd.dir/OpenMPTryFlag.cpp.o] Error 1
make: *** [cmTC_aeffd/fast] Error 2



Detecting C OpenMP failed with the following output:
Change Dir: /Users/lucas/OneDrive - Harvard University/school/Senior/Spring/CS91r/openMVG_Build/CMakeFiles/CMakeTmp

Run Build Command(s):/usr/bin/make cmTC_87dd5/fast && /Library/Developer/CommandLineTools/usr/bin/make -f CMakeFiles/cmTC_87dd5.dir/build.make CMakeFiles/cmTC_87dd5.dir/build
Building C object CMakeFiles/cmTC_87dd5.dir/OpenMPTryFlag.c.o
/Library/Developer/CommandLineTools/usr/bin/cc   -march=haswell -msse2 -msse3 -mssse3 -msse4.1 -msse4.2 -mavx -mfma -mbmi2 -mavx2 -mno-sse4a -mno-xop -mno-fma4 -mno-avx512f -mno-avx512vl -mno-avx512pf -mno-avx512er -mno-avx512cd -mno-avx512dq -mno-avx512bw -mno-avx512ifma -mno-avx512vbmi -fopenmp=libomp -v -isysroot /Library/Developer/CommandLineTools/SDKs/MacOSX10.15.sdk   -o CMakeFiles/cmTC_87dd5.dir/OpenMPTryFlag.c.o   -c "/Users/lucas/OneDrive - Harvard University/school/Senior/Spring/CS91r/openMVG_Build/CMakeFiles/FindOpenMP/OpenMPTryFlag.c"
Apple clang version 11.0.0 (clang-1100.0.33.17)
Target: x86_64-apple-darwin19.3.0
Thread model: posix
InstalledDir: /Library/Developer/CommandLineTools/usr/bin
clang: error: unsupported argument 'libomp' to option 'fopenmp='
make[1]: *** [CMakeFiles/cmTC_87dd5.dir/OpenMPTryFlag.c.o] Error 1
make: *** [cmTC_87dd5/fast] Error 2



Detecting C OpenMP failed with the following output:
Change Dir: /Users/lucas/OneDrive - Harvard University/school/Senior/Spring/CS91r/openMVG_Build/CMakeFiles/CMakeTmp

Run Build Command(s):/usr/bin/make cmTC_84424/fast && /Library/Developer/CommandLineTools/usr/bin/make -f CMakeFiles/cmTC_84424.dir/build.make CMakeFiles/cmTC_84424.dir/build
Building C object CMakeFiles/cmTC_84424.dir/OpenMPTryFlag.c.o
/Library/Developer/CommandLineTools/usr/bin/cc   -march=haswell -msse2 -msse3 -mssse3 -msse4.1 -msse4.2 -mavx -mfma -mbmi2 -mavx2 -mno-sse4a -mno-xop -mno-fma4 -mno-avx512f -mno-avx512vl -mno-avx512pf -mno-avx512er -mno-avx512cd -mno-avx512dq -mno-avx512bw -mno-avx512ifma -mno-avx512vbmi -fopenmp=libiomp5 -v -isysroot /Library/Developer/CommandLineTools/SDKs/MacOSX10.15.sdk   -o CMakeFiles/cmTC_84424.dir/OpenMPTryFlag.c.o   -c "/Users/lucas/OneDrive - Harvard University/school/Senior/Spring/CS91r/openMVG_Build/CMakeFiles/FindOpenMP/OpenMPTryFlag.c"
Apple clang version 11.0.0 (clang-1100.0.33.17)
Target: x86_64-apple-darwin19.3.0
Thread model: posix
InstalledDir: /Library/Developer/CommandLineTools/usr/bin
clang: error: unsupported argument 'libiomp5' to option 'fopenmp='
make[1]: *** [CMakeFiles/cmTC_84424.dir/OpenMPTryFlag.c.o] Error 1
make: *** [cmTC_84424/fast] Error 2



Detecting C OpenMP failed with the following output:
Change Dir: /Users/lucas/OneDrive - Harvard University/school/Senior/Spring/CS91r/openMVG_Build/CMakeFiles/CMakeTmp

Run Build Command(s):/usr/bin/make cmTC_2aa37/fast && /Library/Developer/CommandLineTools/usr/bin/make -f CMakeFiles/cmTC_2aa37.dir/build.make CMakeFiles/cmTC_2aa37.dir/build
Building C object CMakeFiles/cmTC_2aa37.dir/OpenMPTryFlag.c.o
/Library/Developer/CommandLineTools/usr/bin/cc   -march=haswell -msse2 -msse3 -mssse3 -msse4.1 -msse4.2 -mavx -mfma -mbmi2 -mavx2 -mno-sse4a -mno-xop -mno-fma4 -mno-avx512f -mno-avx512vl -mno-avx512pf -mno-avx512er -mno-avx512cd -mno-avx512dq -mno-avx512bw -mno-avx512ifma -mno-avx512vbmi -fopenmp -v -isysroot /Library/Developer/CommandLineTools/SDKs/MacOSX10.15.sdk   -o CMakeFiles/cmTC_2aa37.dir/OpenMPTryFlag.c.o   -c "/Users/lucas/OneDrive - Harvard University/school/Senior/Spring/CS91r/openMVG_Build/CMakeFiles/FindOpenMP/OpenMPTryFlag.c"
Apple clang version 11.0.0 (clang-1100.0.33.17)
Target: x86_64-apple-darwin19.3.0
Thread model: posix
InstalledDir: /Library/Developer/CommandLineTools/usr/bin
clang: error: unsupported option '-fopenmp'
make[1]: *** [CMakeFiles/cmTC_2aa37.dir/OpenMPTryFlag.c.o] Error 1
make: *** [cmTC_2aa37/fast] Error 2



Detecting CXX OpenMP failed with the following output:
Change Dir: /Users/lucas/OneDrive - Harvard University/school/Senior/Spring/CS91r/openMVG_Build/CMakeFiles/CMakeTmp

Run Build Command(s):/usr/bin/make cmTC_4a972/fast && /Library/Developer/CommandLineTools/usr/bin/make -f CMakeFiles/cmTC_4a972.dir/build.make CMakeFiles/cmTC_4a972.dir/build
Building CXX object CMakeFiles/cmTC_4a972.dir/OpenMPTryFlag.cpp.o
/Library/Developer/CommandLineTools/usr/bin/c++    -march=haswell -msse2 -msse3 -mssse3 -msse4.1 -msse4.2 -mavx -mfma -mbmi2 -mavx2 -mno-sse4a -mno-xop -mno-fma4 -mno-avx512f -mno-avx512vl -mno-avx512pf -mno-avx512er -mno-avx512cd -mno-avx512dq -mno-avx512bw -mno-avx512ifma -mno-avx512vbmi -fopenmp=libomp -v -isysroot /Library/Developer/CommandLineTools/SDKs/MacOSX10.15.sdk   -o CMakeFiles/cmTC_4a972.dir/OpenMPTryFlag.cpp.o -c "/Users/lucas/OneDrive - Harvard University/school/Senior/Spring/CS91r/openMVG_Build/CMakeFiles/FindOpenMP/OpenMPTryFlag.cpp"
Apple clang version 11.0.0 (clang-1100.0.33.17)
Target: x86_64-apple-darwin19.3.0
Thread model: posix
InstalledDir: /Library/Developer/CommandLineTools/usr/bin
clang: error: unsupported argument 'libomp' to option 'fopenmp='
make[1]: *** [CMakeFiles/cmTC_4a972.dir/OpenMPTryFlag.cpp.o] Error 1
make: *** [cmTC_4a972/fast] Error 2



Detecting CXX OpenMP failed with the following output:
Change Dir: /Users/lucas/OneDrive - Harvard University/school/Senior/Spring/CS91r/openMVG_Build/CMakeFiles/CMakeTmp

Run Build Command(s):/usr/bin/make cmTC_2a4c5/fast && /Library/Developer/CommandLineTools/usr/bin/make -f CMakeFiles/cmTC_2a4c5.dir/build.make CMakeFiles/cmTC_2a4c5.dir/build
Building CXX object CMakeFiles/cmTC_2a4c5.dir/OpenMPTryFlag.cpp.o
/Library/Developer/CommandLineTools/usr/bin/c++    -march=haswell -msse2 -msse3 -mssse3 -msse4.1 -msse4.2 -mavx -mfma -mbmi2 -mavx2 -mno-sse4a -mno-xop -mno-fma4 -mno-avx512f -mno-avx512vl -mno-avx512pf -mno-avx512er -mno-avx512cd -mno-avx512dq -mno-avx512bw -mno-avx512ifma -mno-avx512vbmi -fopenmp=libiomp5 -v -isysroot /Library/Developer/CommandLineTools/SDKs/MacOSX10.15.sdk   -o CMakeFiles/cmTC_2a4c5.dir/OpenMPTryFlag.cpp.o -c "/Users/lucas/OneDrive - Harvard University/school/Senior/Spring/CS91r/openMVG_Build/CMakeFiles/FindOpenMP/OpenMPTryFlag.cpp"
Apple clang version 11.0.0 (clang-1100.0.33.17)
Target: x86_64-apple-darwin19.3.0
Thread model: posix
InstalledDir: /Library/Developer/CommandLineTools/usr/bin
clang: error: unsupported argument 'libiomp5' to option 'fopenmp='
make[1]: *** [CMakeFiles/cmTC_2a4c5.dir/OpenMPTryFlag.cpp.o] Error 1
make: *** [cmTC_2a4c5/fast] Error 2



Detecting CXX OpenMP failed with the following output:
Change Dir: /Users/lucas/OneDrive - Harvard University/school/Senior/Spring/CS91r/openMVG_Build/CMakeFiles/CMakeTmp

Run Build Command(s):/usr/bin/make cmTC_96bc2/fast && /Library/Developer/CommandLineTools/usr/bin/make -f CMakeFiles/cmTC_96bc2.dir/build.make CMakeFiles/cmTC_96bc2.dir/build
Building CXX object CMakeFiles/cmTC_96bc2.dir/OpenMPTryFlag.cpp.o
/Library/Developer/CommandLineTools/usr/bin/c++    -march=haswell -msse2 -msse3 -mssse3 -msse4.1 -msse4.2 -mavx -mfma -mbmi2 -mavx2 -mno-sse4a -mno-xop -mno-fma4 -mno-avx512f -mno-avx512vl -mno-avx512pf -mno-avx512er -mno-avx512cd -mno-avx512dq -mno-avx512bw -mno-avx512ifma -mno-avx512vbmi -fopenmp -v -isysroot /Library/Developer/CommandLineTools/SDKs/MacOSX10.15.sdk   -o CMakeFiles/cmTC_96bc2.dir/OpenMPTryFlag.cpp.o -c "/Users/lucas/OneDrive - Harvard University/school/Senior/Spring/CS91r/openMVG_Build/CMakeFiles/FindOpenMP/OpenMPTryFlag.cpp"
Apple clang version 11.0.0 (clang-1100.0.33.17)
Target: x86_64-apple-darwin19.3.0
Thread model: posix
InstalledDir: /Library/Developer/CommandLineTools/usr/bin
clang: error: unsupported option '-fopenmp'
make[1]: *** [CMakeFiles/cmTC_96bc2.dir/OpenMPTryFlag.cpp.o] Error 1
make: *** [cmTC_96bc2/fast] Error 2



Detecting C OpenMP failed with the following output:
Change Dir: /Users/lucas/OneDrive - Harvard University/school/Senior/Spring/CS91r/openMVG_Build/CMakeFiles/CMakeTmp

Run Build Command(s):/usr/bin/make cmTC_5af6c/fast && /Library/Developer/CommandLineTools/usr/bin/make -f CMakeFiles/cmTC_5af6c.dir/build.make CMakeFiles/cmTC_5af6c.dir/build
Building C object CMakeFiles/cmTC_5af6c.dir/OpenMPTryFlag.c.o
/Library/Developer/CommandLineTools/usr/bin/cc   -march=haswell -msse2 -msse3 -mssse3 -msse4.1 -msse4.2 -mavx -mfma -mbmi2 -mavx2 -mno-sse4a -mno-xop -mno-fma4 -mno-avx512f -mno-avx512vl -mno-avx512pf -mno-avx512er -mno-avx512cd -mno-avx512dq -mno-avx512bw -mno-avx512ifma -mno-avx512vbmi -fopenmp=libomp -v -isysroot /Library/Developer/CommandLineTools/SDKs/MacOSX10.15.sdk   -o CMakeFiles/cmTC_5af6c.dir/OpenMPTryFlag.c.o   -c "/Users/lucas/OneDrive - Harvard University/school/Senior/Spring/CS91r/openMVG_Build/CMakeFiles/FindOpenMP/OpenMPTryFlag.c"
Apple clang version 11.0.0 (clang-1100.0.33.17)
Target: x86_64-apple-darwin19.3.0
Thread model: posix
InstalledDir: /Library/Developer/CommandLineTools/usr/bin
clang: error: unsupported argument 'libomp' to option 'fopenmp='
make[2]: *** [CMakeFiles/cmTC_5af6c.dir/OpenMPTryFlag.c.o] Error 1
make[1]: *** [cmTC_5af6c/fast] Error 2



Detecting C OpenMP failed with the following output:
Change Dir: /Users/lucas/OneDrive - Harvard University/school/Senior/Spring/CS91r/openMVG_Build/CMakeFiles/CMakeTmp

Run Build Command(s):/usr/bin/make cmTC_ab37f/fast && /Library/Developer/CommandLineTools/usr/bin/make -f CMakeFiles/cmTC_ab37f.dir/build.make CMakeFiles/cmTC_ab37f.dir/build
Building C object CMakeFiles/cmTC_ab37f.dir/OpenMPTryFlag.c.o
/Library/Developer/CommandLineTools/usr/bin/cc   -march=haswell -msse2 -msse3 -mssse3 -msse4.1 -msse4.2 -mavx -mfma -mbmi2 -mavx2 -mno-sse4a -mno-xop -mno-fma4 -mno-avx512f -mno-avx512vl -mno-avx512pf -mno-avx512er -mno-avx512cd -mno-avx512dq -mno-avx512bw -mno-avx512ifma -mno-avx512vbmi -fopenmp=libiomp5 -v -isysroot /Library/Developer/CommandLineTools/SDKs/MacOSX10.15.sdk   -o CMakeFiles/cmTC_ab37f.dir/OpenMPTryFlag.c.o   -c "/Users/lucas/OneDrive - Harvard University/school/Senior/Spring/CS91r/openMVG_Build/CMakeFiles/FindOpenMP/OpenMPTryFlag.c"
Apple clang version 11.0.0 (clang-1100.0.33.17)
Target: x86_64-apple-darwin19.3.0
Thread model: posix
InstalledDir: /Library/Developer/CommandLineTools/usr/bin
clang: error: unsupported argument 'libiomp5' to option 'fopenmp='
make[2]: *** [CMakeFiles/cmTC_ab37f.dir/OpenMPTryFlag.c.o] Error 1
make[1]: *** [cmTC_ab37f/fast] Error 2



Detecting C OpenMP failed with the following output:
Change Dir: /Users/lucas/OneDrive - Harvard University/school/Senior/Spring/CS91r/openMVG_Build/CMakeFiles/CMakeTmp

Run Build Command(s):/usr/bin/make cmTC_e63eb/fast && /Library/Developer/CommandLineTools/usr/bin/make -f CMakeFiles/cmTC_e63eb.dir/build.make CMakeFiles/cmTC_e63eb.dir/build
Building C object CMakeFiles/cmTC_e63eb.dir/OpenMPTryFlag.c.o
/Library/Developer/CommandLineTools/usr/bin/cc   -march=haswell -msse2 -msse3 -mssse3 -msse4.1 -msse4.2 -mavx -mfma -mbmi2 -mavx2 -mno-sse4a -mno-xop -mno-fma4 -mno-avx512f -mno-avx512vl -mno-avx512pf -mno-avx512er -mno-avx512cd -mno-avx512dq -mno-avx512bw -mno-avx512ifma -mno-avx512vbmi -fopenmp -v -isysroot /Library/Developer/CommandLineTools/SDKs/MacOSX10.15.sdk   -o CMakeFiles/cmTC_e63eb.dir/OpenMPTryFlag.c.o   -c "/Users/lucas/OneDrive - Harvard University/school/Senior/Spring/CS91r/openMVG_Build/CMakeFiles/FindOpenMP/OpenMPTryFlag.c"
Apple clang version 11.0.0 (clang-1100.0.33.17)
Target: x86_64-apple-darwin19.3.0
Thread model: posix
InstalledDir: /Library/Developer/CommandLineTools/usr/bin
clang: error: unsupported option '-fopenmp'
make[2]: *** [CMakeFiles/cmTC_e63eb.dir/OpenMPTryFlag.c.o] Error 1
make[1]: *** [cmTC_e63eb/fast] Error 2



Detecting CXX OpenMP failed with the following output:
Change Dir: /Users/lucas/OneDrive - Harvard University/school/Senior/Spring/CS91r/openMVG_Build/CMakeFiles/CMakeTmp

Run Build Command(s):/usr/bin/make cmTC_379ec/fast && /Library/Developer/CommandLineTools/usr/bin/make -f CMakeFiles/cmTC_379ec.dir/build.make CMakeFiles/cmTC_379ec.dir/build
Building CXX object CMakeFiles/cmTC_379ec.dir/OpenMPTryFlag.cpp.o
/Library/Developer/CommandLineTools/usr/bin/c++    -march=haswell -msse2 -msse3 -mssse3 -msse4.1 -msse4.2 -mavx -mfma -mbmi2 -mavx2 -mno-sse4a -mno-xop -mno-fma4 -mno-avx512f -mno-avx512vl -mno-avx512pf -mno-avx512er -mno-avx512cd -mno-avx512dq -mno-avx512bw -mno-avx512ifma -mno-avx512vbmi -fopenmp=libomp -v -isysroot /Library/Developer/CommandLineTools/SDKs/MacOSX10.15.sdk   -o CMakeFiles/cmTC_379ec.dir/OpenMPTryFlag.cpp.o -c "/Users/lucas/OneDrive - Harvard University/school/Senior/Spring/CS91r/openMVG_Build/CMakeFiles/FindOpenMP/OpenMPTryFlag.cpp"
Apple clang version 11.0.0 (clang-1100.0.33.17)
Target: x86_64-apple-darwin19.3.0
Thread model: posix
InstalledDir: /Library/Developer/CommandLineTools/usr/bin
clang: error: unsupported argument 'libomp' to option 'fopenmp='
make[2]: *** [CMakeFiles/cmTC_379ec.dir/OpenMPTryFlag.cpp.o] Error 1
make[1]: *** [cmTC_379ec/fast] Error 2



Detecting CXX OpenMP failed with the following output:
Change Dir: /Users/lucas/OneDrive - Harvard University/school/Senior/Spring/CS91r/openMVG_Build/CMakeFiles/CMakeTmp

Run Build Command(s):/usr/bin/make cmTC_17940/fast && /Library/Developer/CommandLineTools/usr/bin/make -f CMakeFiles/cmTC_17940.dir/build.make CMakeFiles/cmTC_17940.dir/build
Building CXX object CMakeFiles/cmTC_17940.dir/OpenMPTryFlag.cpp.o
/Library/Developer/CommandLineTools/usr/bin/c++    -march=haswell -msse2 -msse3 -mssse3 -msse4.1 -msse4.2 -mavx -mfma -mbmi2 -mavx2 -mno-sse4a -mno-xop -mno-fma4 -mno-avx512f -mno-avx512vl -mno-avx512pf -mno-avx512er -mno-avx512cd -mno-avx512dq -mno-avx512bw -mno-avx512ifma -mno-avx512vbmi -fopenmp=libiomp5 -v -isysroot /Library/Developer/CommandLineTools/SDKs/MacOSX10.15.sdk   -o CMakeFiles/cmTC_17940.dir/OpenMPTryFlag.cpp.o -c "/Users/lucas/OneDrive - Harvard University/school/Senior/Spring/CS91r/openMVG_Build/CMakeFiles/FindOpenMP/OpenMPTryFlag.cpp"
Apple clang version 11.0.0 (clang-1100.0.33.17)
Target: x86_64-apple-darwin19.3.0
Thread model: posix
InstalledDir: /Library/Developer/CommandLineTools/usr/bin
clang: error: unsupported argument 'libiomp5' to option 'fopenmp='
make[2]: *** [CMakeFiles/cmTC_17940.dir/OpenMPTryFlag.cpp.o] Error 1
make[1]: *** [cmTC_17940/fast] Error 2



Detecting CXX OpenMP failed with the following output:
Change Dir: /Users/lucas/OneDrive - Harvard University/school/Senior/Spring/CS91r/openMVG_Build/CMakeFiles/CMakeTmp

Run Build Command(s):/usr/bin/make cmTC_0d38a/fast && /Library/Developer/CommandLineTools/usr/bin/make -f CMakeFiles/cmTC_0d38a.dir/build.make CMakeFiles/cmTC_0d38a.dir/build
Building CXX object CMakeFiles/cmTC_0d38a.dir/OpenMPTryFlag.cpp.o
/Library/Developer/CommandLineTools/usr/bin/c++    -march=haswell -msse2 -msse3 -mssse3 -msse4.1 -msse4.2 -mavx -mfma -mbmi2 -mavx2 -mno-sse4a -mno-xop -mno-fma4 -mno-avx512f -mno-avx512vl -mno-avx512pf -mno-avx512er -mno-avx512cd -mno-avx512dq -mno-avx512bw -mno-avx512ifma -mno-avx512vbmi -fopenmp -v -isysroot /Library/Developer/CommandLineTools/SDKs/MacOSX10.15.sdk   -o CMakeFiles/cmTC_0d38a.dir/OpenMPTryFlag.cpp.o -c "/Users/lucas/OneDrive - Harvard University/school/Senior/Spring/CS91r/openMVG_Build/CMakeFiles/FindOpenMP/OpenMPTryFlag.cpp"
Apple clang version 11.0.0 (clang-1100.0.33.17)
Target: x86_64-apple-darwin19.3.0
Thread model: posix
InstalledDir: /Library/Developer/CommandLineTools/usr/bin
clang: error: unsupported option '-fopenmp'
make[2]: *** [CMakeFiles/cmTC_0d38a.dir/OpenMPTryFlag.cpp.o] Error 1
make[1]: *** [cmTC_0d38a/fast] Error 2



